[    0.000000] Initializing cgroup subsys cpuset
[    0.000000] Initializing cgroup subsys cpu
[    0.000000] Initializing cgroup subsys cpuacct
[    0.000000] Linux version 4.4.0-141-generic (buildd@lcy01-amd64-027) (gcc version 5.4.0 20160609 (Ubuntu 5.4.0-6ubuntu1~16.04.10) ) #167-Ubuntu SMP Wed Dec 5 10:38:08 UTC 2018 (Ubuntu 4.4.0-141.167-generic 4.4.162)
[    0.000000] KERNEL supported cpus:
[    0.000000]   Intel GenuineIntel
[    0.000000]   AMD AuthenticAMD
[    0.000000]   NSC Geode by NSC
[    0.000000]   Cyrix CyrixInstead
[    0.000000]   Centaur CentaurHauls
[    0.000000]   Transmeta GenuineTMx86
[    0.000000]   Transmeta TransmetaCPU
[    0.000000]   UMC UMC UMC UMC
[    0.000000] x86/fpu: xstate_offset[2]:  576, xstate_sizes[2]:  256
[    0.000000] x86/fpu: Supporting XSAVE feature 0x01: 'x87 floating point registers'
[    0.000000] x86/fpu: Supporting XSAVE feature 0x02: 'SSE registers'
[    0.000000] x86/fpu: Supporting XSAVE feature 0x04: 'AVX registers'
[    0.000000] x86/fpu: Enabled xstate features 0x7, context size is 832 bytes, using 'standard' format.
[    0.000000] e820: BIOS-provided physical RAM map:
[    0.000000] BIOS-e820: [mem 0x0000000000000000-0x000000000009fbff] usable
[    0.000000] BIOS-e820: [mem 0x000000000009fc00-0x000000000009ffff] reserved
[    0.000000] BIOS-e820: [mem 0x00000000000f0000-0x00000000000fffff] reserved
[    0.000000] BIOS-e820: [mem 0x0000000000100000-0x000000001ffeffff] usable
[    0.000000] BIOS-e820: [mem 0x000000001fff0000-0x000000001fffffff] ACPI data
[    0.000000] BIOS-e820: [mem 0x00000000fec00000-0x00000000fec00fff] reserved
[    0.000000] BIOS-e820: [mem 0x00000000fee00000-0x00000000fee00fff] reserved
[    0.000000] BIOS-e820: [mem 0x00000000fffc0000-0x00000000ffffffff] reserved
[    0.000000] NX (Execute Disable) protection: active
[    0.000000] SMBIOS 2.5 present.
[    0.000000] Hypervisor detected: KVM
[    0.000000] e820: last_pfn = 0x1fff0 max_arch_pfn = 0x1000000
[    0.000000] MTRR: Disabled
[    0.000000] x86/PAT: MTRRs disabled, skipping PAT initialization too.
[    0.000000] CPU MTRRs all blank - virtualized system.
[    0.000000] x86/PAT: Configuration [0-7]: WB  WT  UC- UC  WB  WT  UC- UC  
[    0.000000] found SMP MP-table at [mem 0x0009fff0-0x0009ffff] mapped at [c009fff0]
[    0.000000] Scanning 1 areas for low memory corruption
[    0.000000] RAMDISK: [mem 0x1e992000-0x1f7a1fff]
[    0.000000] ACPI: Early table checksum verification disabled
[    0.000000] ACPI: RSDP 0x00000000000E0000 000024 (v02 VBOX  )
[    0.000000] ACPI: XSDT 0x000000001FFF0030 00003C (v01 VBOX   VBOXXSDT 00000001 ASL  00000061)
[    0.000000] ACPI: FACP 0x000000001FFF00F0 0000F4 (v04 VBOX   VBOXFACP 00000001 ASL  00000061)
[    0.000000] ACPI: DSDT 0x000000001FFF0470 0021FF (v02 VBOX   VBOXBIOS 00000002 INTL 20100528)
[    0.000000] ACPI: FACS 0x000000001FFF0200 000040
[    0.000000] ACPI: FACS 0x000000001FFF0200 000040
[    0.000000] ACPI: APIC 0x000000001FFF0240 000054 (v02 VBOX   VBOXAPIC 00000001 ASL  00000061)
[    0.000000] ACPI: SSDT 0x000000001FFF02A0 0001CC (v01 VBOX   VBOXCPUT 00000002 INTL 20100528)
[    0.000000] 0MB HIGHMEM available.
[    0.000000] 511MB LOWMEM available.
[    0.000000]   mapped low ram: 0 - 1fff0000
[    0.000000]   low ram: 0 - 1fff0000
[    0.000000] kvm-clock: Using msrs 4b564d01 and 4b564d00
[    0.000000] kvm-clock: cpu 0, msr 0:1ffef001, primary cpu clock
[    0.000000] kvm-clock: using sched offset of 6632152420 cycles
[    0.000000] clocksource: kvm-clock: mask: 0xffffffffffffffff max_cycles: 0x1cd42e4dffb, max_idle_ns: 881590591483 ns
[    0.000000] Zone ranges:
[    0.000000]   DMA      [mem 0x0000000000001000-0x0000000000ffffff]
[    0.000000]   Normal   [mem 0x0000000001000000-0x000000001ffeffff]
[    0.000000]   HighMem  empty
[    0.000000] Movable zone start for each node
[    0.000000] Early memory node ranges
[    0.000000]   node   0: [mem 0x0000000000001000-0x000000000009efff]
[    0.000000]   node   0: [mem 0x0000000000100000-0x000000001ffeffff]
[    0.000000] Initmem setup node 0 [mem 0x0000000000001000-0x000000001ffeffff]
[    0.000000] Using APIC driver default
[    0.000000] ACPI: PM-Timer IO Port: 0x4008
[    0.000000] IOAPIC[0]: apic_id 1, version 32, address 0xfec00000, GSI 0-23
[    0.000000] ACPI: INT_SRC_OVR (bus 0 bus_irq 0 global_irq 2 dfl dfl)
[    0.000000] ACPI: INT_SRC_OVR (bus 0 bus_irq 9 global_irq 9 low level)
[    0.000000] Using ACPI (MADT) for SMP configuration information
[    0.000000] smpboot: Allowing 1 CPUs, 0 hotplug CPUs
[    0.000000] PM: Registered nosave memory: [mem 0x00000000-0x00000fff]
[    0.000000] PM: Registered nosave memory: [mem 0x0009f000-0x0009ffff]
[    0.000000] PM: Registered nosave memory: [mem 0x000a0000-0x000effff]
[    0.000000] PM: Registered nosave memory: [mem 0x000f0000-0x000fffff]
[    0.000000] e820: [mem 0x20000000-0xfebfffff] available for PCI devices
[    0.000000] Booting paravirtualized kernel on KVM
[    0.000000] clocksource: refined-jiffies: mask: 0xffffffff max_cycles: 0xffffffff, max_idle_ns: 7645519600211568 ns
[    0.000000] setup_percpu: NR_CPUS:8 nr_cpumask_bits:8 nr_cpu_ids:1 nr_node_ids:1
[    0.000000] PERCPU: Embedded 19 pages/cpu @dfac1000 s47436 r0 d30388 u77824
[    0.000000] PV qspinlock hash table entries: 512 (order: 0, 4096 bytes)
[    0.000000] Built 1 zonelists in Zone order, mobility grouping on.  Total pages: 129678
[    0.000000] Kernel command line: BOOT_IMAGE=/boot/vmlinuz-4.4.0-141-generic root=LABEL=cloudimg-rootfs ro console=tty1 console=ttyS0
[    0.000000] PID hash table entries: 2048 (order: 1, 8192 bytes)
[    0.000000] Dentry cache hash table entries: 65536 (order: 6, 262144 bytes)
[    0.000000] Inode-cache hash table entries: 32768 (order: 5, 131072 bytes)
[    0.000000] Initializing CPU#0
[    0.000000] Initializing HighMem for node 0 (00000000:00000000)
[    0.000000] Memory: 489756K/523832K available (8052K kernel code, 778K rwdata, 3180K rodata, 952K init, 800K bss, 34076K reserved, 0K cma-reserved, 0K highmem)
[    0.000000] virtual kernel memory layout:
[    0.000000]     fixmap  : 0xfff15000 - 0xfffff000   ( 936 kB)
[    0.000000]     pkmap   : 0xffc00000 - 0xffe00000   (2048 kB)
[    0.000000]     vmalloc : 0xe07f0000 - 0xffbfe000   ( 500 MB)
[    0.000000]     lowmem  : 0xc0000000 - 0xdfff0000   ( 511 MB)
[    0.000000]       .init : 0xc1bbe000 - 0xc1cac000   ( 952 kB)
[    0.000000]       .data : 0xc17dd3c4 - 0xc1bbc9c0   (3965 kB)
[    0.000000]       .text : 0xc1000000 - 0xc17dd3c4   (8052 kB)
[    0.000000] Checking if this processor honours the WP bit even in supervisor mode...Ok.
[    0.000000] SLUB: HWalign=64, Order=0-3, MinObjects=0, CPUs=1, Nodes=1
[    0.000000] Hierarchical RCU implementation.
[    0.000000] 	Build-time adjustment of leaf fanout to 32.
[    0.000000] 	RCU restricting CPUs from NR_CPUS=8 to nr_cpu_ids=1.
[    0.000000] RCU: Adjusting geometry for rcu_fanout_leaf=32, nr_cpu_ids=1
[    0.000000] NR_IRQS:2304 nr_irqs:256 16
[    0.000000] Console: colour VGA+ 80x25
[    0.000000] console [tty1] enabled
[    0.000000] console [ttyS0] enabled
[    0.000000] allocated 524288 bytes of page_ext
[    0.000000] tsc: Detected 2400.002 MHz processor
[    0.329736] Calibrating delay loop (skipped) preset value.. 4800.00 BogoMIPS (lpj=9600008)
[    0.331527] pid_max: default: 32768 minimum: 301
[    0.332441] ACPI: Core revision 20150930
[    0.334264] ACPI: 2 ACPI AML tables successfully acquired and loaded
[    0.335625] Security Framework initialized
[    0.336467] Yama: becoming mindful.
[    0.337215] AppArmor: AppArmor initialized
[    0.338056] Mount-cache hash table entries: 1024 (order: 0, 4096 bytes)
[    0.339234] Mountpoint-cache hash table entries: 1024 (order: 0, 4096 bytes)
[    0.340642] Initializing cgroup subsys io
[    0.341605] Initializing cgroup subsys memory
[    0.342531] Initializing cgroup subsys devices
[    0.343454] Initializing cgroup subsys freezer
[    0.344362] Initializing cgroup subsys net_cls
[    0.345304] Initializing cgroup subsys perf_event
[    0.346385] Initializing cgroup subsys net_prio
[    0.347285] Initializing cgroup subsys hugetlb
[    0.348210] Initializing cgroup subsys pids
[    0.352890] mce: CPU supports 0 MCE banks
[    0.353832] process: using mwait in idle threads
[    0.354948] Last level iTLB entries: 4KB 64, 2MB 8, 4MB 8
[    0.356275] Last level dTLB entries: 4KB 64, 2MB 0, 4MB 0, 1GB 4
[    0.357483] Spectre V2 : Mitigation: Full generic retpoline
[    0.365208] Spectre V2 : Spectre v2 mitigation: Speculation control IBPB not-supported IBRS not-supported
[    0.379770] Spectre V2 : Spectre v2 / SpectreRSB mitigation: Filling RSB on context switch
[    0.381628] Speculative Store Bypass: Vulnerable
[    0.402124] Freeing SMP alternatives memory: 32K
[    0.413126] ftrace: allocating 31566 entries in 62 pages
[    0.481663] smpboot: APIC(0) Converting physical 0 to logical package 0
[    0.483011] smpboot: Max logical packages: 1
[    0.483951] Enabling APIC mode:  Flat.  Using 1 I/O APICs
[    0.486628] ..TIMER: vector=0x30 apic1=0 pin1=2 apic2=-1 pin2=-1
[    0.593242] smpboot: CPU0: Intel(R) Core(TM) i5-6200U CPU @ 2.30GHz (family: 0x6, model: 0x4e, stepping: 0x3)
[    0.597385] Performance Events: unsupported p6 CPU model 78 no PMU driver, software events only.
[    0.599532] KVM setup paravirtual spinlock
[    0.601401] x86: Booted up 1 node, 1 CPUs
[    0.602464] smpboot: Total of 1 processors activated (4800.00 BogoMIPS)
[    0.604103] devtmpfs: initialized
[    0.605168] evm: security.selinux
[    0.606010] evm: security.SMACK64
[    0.606918] evm: security.SMACK64EXEC
[    0.607771] evm: security.SMACK64TRANSMUTE
[    0.608871] evm: security.SMACK64MMAP
[    0.609870] evm: security.ima
[    0.610549] evm: security.capability
[    0.611715] clocksource: jiffies: mask: 0xffffffff max_cycles: 0xffffffff, max_idle_ns: 7645041785100000 ns
[    0.637560] futex hash table entries: 256 (order: 2, 16384 bytes)
[    0.638999] pinctrl core: initialized pinctrl subsystem
[    0.640304] RTC time: 14:14:31, date: 01/06/19
[    0.647921] NET: Registered protocol family 16
[    0.649141] EISA bus registered
[    0.649907] cpuidle: using governor ladder
[    0.650836] cpuidle: using governor menu
[    0.651722] PCCT header not found.
[    0.652615] ACPI: bus type PCI registered
[    0.653544] acpiphp: ACPI Hot Plug PCI Controller Driver version: 0.5
[    0.655103] PCI : PCI BIOS area is rw and x. Use pci=nobios if you want it NX.
[    0.656793] PCI: PCI BIOS revision 2.10 entry at 0xfda26, last bus=0
[    0.658127] PCI: Using configuration type 1 for base access
[    0.660634] ACPI: Added _OSI(Module Device)
[    0.661720] ACPI: Added _OSI(Processor Device)
[    0.662691] ACPI: Added _OSI(3.0 _SCP Extensions)
[    0.663726] ACPI: Added _OSI(Processor Aggregator Device)
[    0.665576] ACPI: Executed 1 blocks of module-level executable AML code
[    0.669698] ACPI: Interpreter enabled
[    0.670657] ACPI: (supports S0 S5)
[    0.671446] ACPI: Using IOAPIC for interrupt routing
[    0.672644] PCI: Using host bridge windows from ACPI; if necessary, use "pci=nocrs" and report a bug
[    0.677773] ACPI: PCI Root Bridge [PCI0] (domain 0000 [bus 00-ff])
[    0.690615] acpi PNP0A03:00: _OSC: OS supports [ASPM ClockPM Segments MSI]
[    0.691991] acpi PNP0A03:00: _OSC: not requesting OS control; OS requires [ExtendedConfig ASPM ClockPM MSI]
[    0.702115] acpi PNP0A03:00: fail to add MMCONFIG information, can't access extended PCI configuration space under this bridge.
[    0.704628] PCI host bridge to bus 0000:00
[    0.705655] pci_bus 0000:00: root bus resource [io  0x0000-0x0cf7 window]
[    0.706940] pci_bus 0000:00: root bus resource [io  0x0d00-0xffff window]
[    0.708159] pci_bus 0000:00: root bus resource [mem 0x000a0000-0x000bffff window]
[    0.709764] pci_bus 0000:00: root bus resource [mem 0x20000000-0xfdffffff window]
[    0.711266] pci_bus 0000:00: root bus resource [bus 00-ff]
[    0.720372] pci 0000:00:01.1: legacy IDE quirk: reg 0x10: [io  0x01f0-0x01f7]
[    0.735024] pci 0000:00:01.1: legacy IDE quirk: reg 0x14: [io  0x03f6]
[    0.743535] pci 0000:00:01.1: legacy IDE quirk: reg 0x18: [io  0x0170-0x0177]
[    0.744942] pci 0000:00:01.1: legacy IDE quirk: reg 0x1c: [io  0x0376]
[    0.755995] pci 0000:00:07.0: quirk: [io  0x4000-0x403f] claimed by PIIX4 ACPI
[    0.758054] pci 0000:00:07.0: quirk: [io  0x4100-0x410f] claimed by PIIX4 SMB
[    0.766518] ACPI: PCI Interrupt Link [LNKA] (IRQs 5 9 10 *11)
[    0.768744] ACPI: PCI Interrupt Link [LNKB] (IRQs 5 9 *10 11)
[    0.770541] ACPI: PCI Interrupt Link [LNKC] (IRQs 5 *9 10 11)
[    0.772699] ACPI: PCI Interrupt Link [LNKD] (IRQs 5 9 10 *11)
[    0.774484] ACPI: Enabled 2 GPEs in block 00 to 07
[    0.777809] vgaarb: setting as boot device: PCI:0000:00:02.0
[    0.779040] vgaarb: device added: PCI:0000:00:02.0,decodes=io+mem,owns=io+mem,locks=none
[    0.799672] vgaarb: loaded
[    0.800369] vgaarb: bridge control possible 0000:00:02.0
[    0.808892] SCSI subsystem initialized
[    0.809900] ACPI: bus type USB registered
[    0.810978] usbcore: registered new interface driver usbfs
[    0.812257] usbcore: registered new interface driver hub
[    0.813389] usbcore: registered new device driver usb
[    0.814747] PCI: Using ACPI for IRQ routing
[    0.815946] NetLabel: Initializing
[    0.816881] NetLabel:  domain hash size = 128
[    0.860765] NetLabel:  protocols = UNLABELED CIPSOv4
[    0.861930] NetLabel:  unlabeled traffic allowed by default
[    0.880202] amd_nb: Cannot enumerate AMD northbridges
[    0.882979] clocksource: Switched to clocksource kvm-clock
[    0.890575] AppArmor: AppArmor Filesystem Enabled
[    0.916244] pnp: PnP ACPI init
[    0.917797] pnp: PnP ACPI: found 3 devices
[    0.918763] PnPBIOS: Disabled by ACPI PNP
[    0.955555] clocksource: acpi_pm: mask: 0xffffff max_cycles: 0xffffff, max_idle_ns: 2085701024 ns
[    0.965313] NET: Registered protocol family 2
[    0.981716] TCP established hash table entries: 4096 (order: 2, 16384 bytes)
[    0.983176] TCP bind hash table entries: 4096 (order: 3, 32768 bytes)
[    0.984564] TCP: Hash tables configured (established 4096 bind 4096)
[    0.985998] UDP hash table entries: 256 (order: 1, 8192 bytes)
[    0.987525] UDP-Lite hash table entries: 256 (order: 1, 8192 bytes)
[    0.989029] NET: Registered protocol family 1
[    0.989980] pci 0000:00:00.0: Limiting direct PCI/PCI transfers
[    0.991171] pci 0000:00:01.0: Activating ISA DMA hang workarounds
[    0.992449] Unpacking initramfs...
[    1.506759] Freeing initrd memory: 14400K
[    1.507835] platform rtc_cmos: registered platform RTC device (no PNP device found)
[    1.509551] Scanning for low memory corruption every 60 seconds
[    1.513151] audit: initializing netlink subsys (disabled)
[    1.522383] audit: type=2000 audit(1546784079.943:1): initialized
[    1.531602] Initialise system trusted keyring
[    1.532770] HugeTLB registered 2 MB page size, pre-allocated 0 pages
[    1.542256] zbud: loaded
[    1.543208] VFS: Disk quotas dquot_6.6.0
[    1.545503] VFS: Dquot-cache hash table entries: 1024 (order 0, 4096 bytes)
[    1.559206] squashfs: version 4.0 (2009/01/31) Phillip Lougher
[    1.568805] fuse init (API version 7.23)
[    1.569951] Key type big_key registered
[    1.571000] Allocating IMA MOK and blacklist keyrings.
[    1.572371] Key type asymmetric registered
[    1.579523] Asymmetric key parser 'x509' registered
[    1.581789] bounce: pool size: 64 pages
[    1.589099] Block layer SCSI generic (bsg) driver version 0.4 loaded (major 249)
[    1.590920] io scheduler noop registered
[    1.591935] io scheduler deadline registered (default)
[    1.593222] io scheduler cfq registered
[    1.594415] pci_hotplug: PCI Hot Plug PCI Core version: 0.5
[    1.602747] pciehp: PCI Express Hot Plug Controller Driver version: 0.4
[    1.604558] ACPI: AC Adapter [AC] (on-line)
[    1.615520] input: Power Button as /devices/LNXSYSTM:00/LNXPWRBN:00/input/input0
[    1.633798] ACPI: Power Button [PWRF]
[    1.635166] input: Sleep Button as /devices/LNXSYSTM:00/LNXSLPBN:00/input/input1
[    1.637179] ACPI: Sleep Button [SLPF]
[    1.655851] ACPI: Battery Slot [BAT0] (battery present)
[    1.658541] GHES: HEST is not enabled!
[    1.659767] Serial: 8250/16550 driver, 32 ports, IRQ sharing enabled
[    1.684411] 00:02: ttyS0 at I/O 0x3f8 (irq = 4, base_baud = 115200) is a 16550A
[    1.688817] isapnp: Scanning for PnP cards...
[    1.741295] Linux agpgart interface v0.103
[    1.751158] loop: module loaded
[    1.796307] scsi host0: ata_piix
[    1.799573] scsi host1: ata_piix
[    1.800550] ata1: PATA max UDMA/33 cmd 0x1f0 ctl 0x3f6 bmdma 0xd000 irq 14
[    1.804040] ata2: PATA max UDMA/33 cmd 0x170 ctl 0x376 bmdma 0xd008 irq 15
[    1.806109] libphy: Fixed MDIO Bus: probed
[    1.807099] tun: Universal TUN/TAP device driver, 1.6
[    1.808433] tun: (C) 1999-2004 Max Krasnyansky <maxk@qualcomm.com>
[    1.809945] PPP generic driver version 2.4.2
[    1.811230] ehci_hcd: USB 2.0 'Enhanced' Host Controller (EHCI) Driver
[    1.812498] ehci-pci: EHCI PCI platform driver
[    1.813521] ehci-platform: EHCI generic platform driver
[    1.814538] ohci_hcd: USB 1.1 'Open' Host Controller (OHCI) Driver
[    1.815744] ohci-pci: OHCI PCI platform driver
[    1.816901] ohci-platform: OHCI generic platform driver
[    1.818141] uhci_hcd: USB Universal Host Controller Interface driver
[    1.819768] i8042: PNP: PS/2 Controller [PNP0303:PS2K,PNP0f03:PS2M] at 0x60,0x64 irq 1,12
[    1.822258] serio: i8042 KBD port at 0x60,0x64 irq 1
[    1.823359] serio: i8042 AUX port at 0x60,0x64 irq 12
[    1.835887] mousedev: PS/2 mouse device common for all mice
[    1.891554] input: AT Translated Set 2 keyboard as /devices/platform/i8042/serio0/input/input2
[    1.893731] rtc_cmos rtc_cmos: rtc core: registered rtc_cmos as rtc0
[    1.895146] rtc_cmos rtc_cmos: alarms up to one day, 114 bytes nvram
[    1.896507] i2c /dev entries driver
[    1.902213] device-mapper: uevent: version 1.0.3
[    1.909779] device-mapper: ioctl: 4.34.0-ioctl (2015-10-28) initialised: dm-devel@redhat.com
[    1.919669] platform eisa.0: Probing EISA bus 0
[    1.921878] platform eisa.0: EISA: Cannot allocate resource for mainboard
[    1.923309] platform eisa.0: Cannot allocate resource for EISA slot 1
[    1.924885] platform eisa.0: Cannot allocate resource for EISA slot 2
[    1.980687] platform eisa.0: Cannot allocate resource for EISA slot 3
[    1.982204] platform eisa.0: Cannot allocate resource for EISA slot 4
[    1.989853] platform eisa.0: Cannot allocate resource for EISA slot 5
[    1.991183] platform eisa.0: Cannot allocate resource for EISA slot 6
[    1.992363] platform eisa.0: Cannot allocate resource for EISA slot 7
[    1.993542] platform eisa.0: Cannot allocate resource for EISA slot 8
[    1.994749] platform eisa.0: EISA: Detected 0 cards
[    1.995778] cpufreq-nforce2: No nForce2 chipset.
[    1.996792] ledtrig-cpu: registered to indicate activity on CPUs
[    1.998105] NET: Registered protocol family 10
[    2.006110] NET: Registered protocol family 17
[    2.018048] Key type dns_resolver registered
[    2.073543] Using IPI No-Shortcut mode
[    2.074539] registered taskstats version 1
[    2.075455] Loading compiled-in X.509 certificates
[    2.078608] Loaded X.509 cert 'Build time autogenerated kernel key: 8ee7231a1e42e4b4a17d0e4b95c66ffe15d3b32e'
[    2.083005] zswap: loaded using pool lzo/zbud
[    2.085414] Key type trusted registered
[    2.145907] Key type encrypted registered
[    2.171652] AppArmor: AppArmor sha1 policy hashing enabled
[    2.233763] ima: No TPM chip found, activating TPM-bypass!
[    2.243661] ima: Allocated hash algorithm: sha1
[    2.244573] evm: HMAC attrs: 0x1
[    2.245699]   Magic number: 3:72:232
[    2.246511] rtc_cmos rtc_cmos: setting system clock to 2019-01-06 14:14:32 UTC (1546784072)
[    2.248583] BIOS EDD facility v0.16 2004-Jun-25, 0 devices found
[    2.251361] EDD information not available.
[    2.297061] isapnp: No Plug & Play device found
[    2.301612] Freeing unused kernel memory: 952K
[    2.327094] Write protecting the kernel text: 8056k
[    2.328422] Write protecting the kernel read-only data: 3184k
[    2.329903] NX-protecting the kernel data: 6280k
Loading, please wait...
starting version[    2.370038] random: udevadm: uninitialized urandom read (16 bytes read, 2 bits of entropy available)
 229
[    2.454382] random: systemd-udevd: uninitialized urandom read (16 bytes read, 2 bits of entropy available)
[    2.456664] random: systemd-udevd: uninitialized urandom read (16 bytes read, 2 bits of entropy available)
[    2.458808] random: systemd-udevd: uninitialized urandom read (16 bytes read, 2 bits of entropy available)
[    2.480555] random: udevadm: uninitialized urandom read (16 bytes read, 2 bits of entropy available)
[    2.551187] tsc: Refined TSC clocksource calibration: 2400.428 MHz
[    2.573933] clocksource: tsc: mask: 0xffffffffffffffff max_cycles: 0x2299cbec54b, max_idle_ns: 440795278734 ns
[    2.605721] random: udevadm: uninitialized urandom read (16 bytes read, 2 bits of entropy available)
[    2.615058] random: udevadm: uninitialized urandom read (16 bytes read, 2 bits of entropy available)
[    2.626948] random: udevadm: uninitialized urandom read (16 bytes read, 2 bits of entropy available)
[    2.628958] random: udevadm: uninitialized urandom read (16 bytes read, 2 bits of entropy available)
[    2.630959] random: udevadm: uninitialized urandom read (16 bytes read, 2 bits of entropy available)
[    2.693556] e1000: Intel(R) PRO/1000 Network Driver - version 7.3.21-k8-NAPI
[    2.719474] e1000: Copyright (c) 1999-2006 Intel Corporation.
[    2.730354] Fusion MPT base driver 3.04.20
[    2.731354] Copyright (c) 1999-2008 LSI Corporation
[    2.801467] Fusion MPT SPI Host driver 3.04.20
[    2.819284] mptbase: ioc0: Initiating bringup
[    2.899808] ioc0: LSI53C1030 A0: Capabilities={Initiator}
[    2.952681] input: ImExPS/2 Generic Explorer Mouse as /devices/platform/i8042/serio1/input/input4
[    3.088800] scsi host2: ioc0: LSI53C1030 A0, FwRev=00000000h, Ports=1, MaxQ=256, IRQ=20
[    3.212974] scsi 2:0:0:0: Direct-Access     VBOX     HARDDISK         1.0  PQ: 0 ANSI: 5
[    3.215048] scsi target2:0:0: Beginning Domain Validation
[    3.218230] scsi target2:0:0: Domain Validation skipping write tests
[    3.221559] scsi target2:0:0: Ending Domain Validation
[    3.223150] scsi target2:0:0: asynchronous
[    3.238156] scsi 2:0:1:0: Direct-Access     VBOX     HARDDISK         1.0  PQ: 0 ANSI: 5
[    3.240124] scsi target2:0:1: Beginning Domain Validation
[    3.244054] scsi target2:0:1: Domain Validation skipping write tests
[    3.254805] scsi target2:0:1: Ending Domain Validation
[    3.292901] scsi target2:0:1: asynchronous
[    3.471709] sd 2:0:0:0: Attached scsi generic sg0 type 0
[    3.472962] sd 2:0:0:0: [sda] 20971520 512-byte logical blocks: (10.7 GB/10.0 GiB)
[    3.484765] sd 2:0:1:0: Attached scsi generic sg1 type 0
[    3.485996] sd 2:0:1:0: [sdb] 20480 512-byte logical blocks: (10.5 MB/10.0 MiB)
[    3.488115] sd 2:0:1:0: [sdb] Write Protect is off
[    3.520426] sd 2:0:1:0: [sdb] Incomplete mode parameter data
[    3.550740] sd 2:0:1:0: [sdb] Assuming drive cache: write through
[    3.567666] sd 2:0:0:0: [sda] Write Protect is off
[    3.584264] sd 2:0:0:0: [sda] Incomplete mode parameter data
[    3.585686] sd 2:0:0:0: [sda] Assuming drive cache: write through
[    3.611881]  sda: sda1
[    3.616729] sd 2:0:0:0: [sda] Attached SCSI disk
[    3.698889] sd 2:0:1:0: [sdb] Attached SCSI disk
[    3.780490] e1000 0000:00:03.0 eth0: (PCI:33MHz:32-bit) 02:64:11:94:8e:9f
[    3.788020] e1000 0000:00:03.0 eth0: Intel(R) PRO/1000 Network Connection
[    4.180018] e1000 0000:00:08.0 eth1: (PCI:33MHz:32-bit) 08:00:27:81:2f:a1
[    4.198047] e1000 0000:00:08.0 eth1: Intel(R) PRO/1000 Network Connection
[    4.230433] e1000 0000:00:08.0 enp0s8: renamed from eth1
[    4.235821] e1000 0000:00:03.0 enp0s3: renamed from eth0
Begin: Loading essential drivers ... [    5.608288] md: linear personality registered for level -1
[    5.617235] md: multipath personality registered for level -4
[    5.623686] md: raid0 personality registered for level 0
[    5.644352] md: raid1 personality registered for level 1
[    5.731073] raid6: mmxx1    gen()  4095 MB/s
[    5.807297] raid6: mmxx2    gen()  3815 MB/s
[    5.875078] raid6: sse1x1   gen()  3464 MB/s
[    5.943626] raid6: sse1x2   gen()  4766 MB/s
[    6.027312] raid6: sse2x1   gen()  7650 MB/s
[    6.099293] raid6: sse2x1   xor()  5444 MB/s
[    6.167017] raid6: sse2x2   gen()  8228 MB/s
[    6.235533] raid6: sse2x2   xor()  5360 MB/s
[    6.303097] raid6: avx2x1   gen() 13950 MB/s
[    6.371071] raid6: avx2x2   gen() 16221 MB/s
[    6.372474] raid6: using algorithm avx2x2 gen() 16221 MB/s
[    6.373855] raid6: using avx2x1 recovery algorithm
[    6.378636] xor: automatically using best checksumming function:
[    6.419264]    avx       : 20152.000 MB/sec
[    6.423623] async_tx: api initialized (async)
[    6.448753] md: raid6 personality registered for level 6
[    6.450031] md: raid5 personality registered for level 5
[    6.451229] md: raid4 personality registered for level 4
[    6.460228] md: raid10 personality registered for level 10
done.
Begin: Running /scripts/init-premount ... done.
Begin: Mounting root file system ... Begin: Running /scripts/local-top ... done.
Begin: Running /scripts/local-premount ... [    6.514543] Btrfs loaded
Scanning for Btrfs filesystems
done.
Warning: fsck not present, so skipping root file system
[    6.624667] EXT4-fs (sda1): mounted filesystem with ordered data mode. Opts: (null)
done.
Begin: Running /scripts/local-bottom ... done.
Begin: Running /scripts/init-bottom ... done.
[    7.415058] random: nonblocking pool is initialized
[    7.494567] systemd[1]: systemd 229 running in system mode. (+PAM +AUDIT +SELINUX +IMA +APPARMOR +SMACK +SYSVINIT +UTMP +LIBCRYPTSETUP +GCRYPT +GNUTLS +ACL +XZ -LZ4 +SECCOMP +BLKID +ELFUTILS +KMOD -IDN)
[    7.508822] systemd[1]: Detected virtualization oracle.
[    7.510044] systemd[1]: Detected architecture x86.

Welcome to [1mUbuntu 16.04.5 LTS[0m!

[    7.617539] systemd[1]: Set hostname to <kouosl>.
[    8.935051] systemd[1]: Started Forward Password Requests to Wall Directory Watch.
[[0;32m  OK  [0m] Started Forward Password Requests to Wall Directory Watch.
[    9.035525] systemd[1]: Listening on Syslog Socket.
[[0;32m  OK  [0m] Listening on Syslog Socket.
[    9.044986] systemd[1]: Reached target System Time Synchronized.
[[0;32m  OK  [0m] Reached target System Time Synchronized.
[    9.079461] systemd[1]: Listening on Journal Audit Socket.
[[0;32m  OK  [0m] Listening on Journal Audit Socket.
[    9.091684] systemd[1]: Listening on /dev/initctl Compatibility Named Pipe.
[[0;32m  OK  [0m] Listening on /dev/initctl Compatibility Named Pipe.
[    9.103036] systemd[1]: Listening on Device-mapper event daemon FIFOs.
[[0;32m  OK  [0m] Listening on Device-mapper event daemon FIFOs.
[    9.120608] systemd[1]: Created slice System Slice.
[[0;32m  OK  [0m] Created slice System Slice.
[    9.134050] systemd[1]: Created slice system-serial\x2dgetty.slice.
[[0;32m  OK  [0m] Created slice system-serial\x2dgetty.slice.
[    9.153977] systemd[1]: Listening on udev Control Socket.
[[0;32m  OK  [0m] Listening on udev Control Socket.
[    9.176272] systemd[1]: Started Trigger resolvconf update for networkd DNS.
[[0;32m  OK  [0m] Started Trigger resolvconf update for networkd DNS.
[    9.193035] systemd[1]: Reached target User and Group Name Lookups.
[[0;32m  OK  [0m] Reached target User and Group Name Lookups.
[    9.201488] systemd[1]: Listening on Journal Socket.
[[0;32m  OK  [0m] Listening on Journal Socket.
[    9.206303] systemd[1]: Mounting Huge Pages File System...
         Mounting Huge Pages File System...
[    9.220682] systemd[1]: Starting Remount Root and Kernel File Systems...
         Starting Remount Root and Kernel File Systems...
[    9.247411] systemd[1]: Starting Nameserver information manager...
         Starting Nameserver information manager...
[    9.353889] systemd[1]: Starting Load Kernel Modules...
         Starting Load Kernel Modules...
[    9.367909] systemd[1]: Mounting Debug File System...
         Mounting Debug File System...
[    9.383175] systemd[1]: Starting Uncomplicated firewall...
         [    9.403432] EXT4-fs (sda1): re-mounted. Opts: (null)
Starting Uncomplicated firewall...
[    9.424268] systemd[1]: Mounting POSIX Message Queue File System...
         Mounting POSIX Message Queue File System...
[    9.429182] systemd[1]: Starting Create list of required static device nodes for the current kernel...
         Starting Create list of required st... nodes for the current kernel...
[    9.435492] systemd[1]: Reached target Encrypted Volumes.
[[0;32m  OK  [0m] Reached target Encrypted Volumes.
[    9.439123] systemd[1]: Set up automount Arbitrary Executable File Formats File System Automount Point.
[[0;32m  OK  [0m] Set up automount Arbitrary Executab...ats File System Automount Point.
[    9.447156] systemd[1]: Listening on udev Kernel Socket.
[[0;32m  OK  [0m] Listening on udev Kernel Socket.
[    9.450121] systemd[1]: Listening on LVM2 metadata daemon socket.
[[0;32m  OK  [0m] Listening on LVM2 metadata daemon socket.
[    9.469256] systemd[1]: Starting Monitoring of LVM2 mirrors, snapshots etc. using dmeventd or progress polling...
         Starting Monitoring of LVM2 mirrors... dmeventd or progress polling...
[    9.535177] systemd[1]: Reached target Swap.
[[0;32m  OK  [0[    9.585233] Loading iSCSI transport class v2.0-870.
m] Reached target Swap.
[    9.631804] systemd[1]: Listening on Journal Socket (/dev/log).
[[0;32m  OK  [0m] Listening on Journal Socket (/dev/log).
[    9.735803] systemd[1]: Starting Journal Service...
[    9.764412] iscsi: registered transport (tcp)
         Starting Journal Service...
[    9.809325] systemd[1]: Listening on LVM2 poll daemon socket.
[[0;32m  OK  [0m] Listening on LVM2 poll daemon socket.
[    9.924436] systemd[1]: Created slice User and Session Slice.
[[0;32m  OK  [0m] Created slice User and Session Slice.
[   10.043399] systemd[1]: Reached target Slices.
[[0;32m  OK  [0m] Reached target Slices.
[   10.132555] systemd[1]: Starting Set console keymap...
         [   10.174046] iscsi: registered transport (iser)
Starting Set console keymap...
[   10.256460] systemd[1]: Mounted Huge Pages File System.
[[0;32m  OK  [0m] Mounted Huge Pages File System.
[   10.295670] systemd[1]: Mounted POSIX Message Queue File System.
[[0;32m  OK  [0m] Mounted POSIX Message Queue File System.
[   10.380041] systemd[1]: Mounted Debug File System.
[[0;32m  OK  [0m] Mounted Debug File System.
[   10.390155] systemd[1]: Started Journal Service.
[[0;32m  OK  [0m] Started Journal Service.
[[0;32m  OK  [0m] Started Remount Root and Kernel File Systems.
[[0;32m  OK  [0m] Started Load Kernel Modules.
[[0;32m  OK  [0m] Started Uncomplicated firewall.
[[0;32m  OK  [0m] Started Create list of required sta...ce nodes for the current kernel.
[[0;32m  OK  [0m] Started Nameserver information manager.
[[0;32m  OK  [0m] Started LVM2 metadata daemon.
         Starting Create Static Device Nodes in /dev...
         Mounting FUSE Control File System...
         Starting Apply Kernel Variables...
         Starting udev Coldplug all Devices...
         Starting Load/Save Random Seed...
         Starting Flush Journal to Persistent Storage...
[[0;32m  OK  [0m] Mounted FUSE Control File System.
[[0;32m  OK  [0m] Started Set console keymap.
[[0;32m  OK  [0m] Started Load/Save Random Seed.
[   10.761927] systemd-journald[409]: Received request to flush runtime journal from PID 1
[[0;32m  OK  [0m] Started udev Coldplug all Devices.
[[0;32m  OK  [0m] Started Flush Journal to Persistent Storage.
[[0;32m  OK  [0m] Started Apply Kernel Variables.
[[0;32m  OK  [0m] Started Monitoring of LVM2 mirrors,...ng dmeventd or progress polling.
[[0;32m  OK  [0m] Started Create Static Device Nodes in /dev.
[[0;32m  OK  [0m] Reached target Local File Systems (Pre).
[[0;32m  OK  [0m] Reached target Local File Systems.
         Starting Initial cloud-init job (pre-networking)...
         Starting Set console font and keymap...
         Starting LSB: AppArmor initialization...
         Starting Tell Plymouth To Write Out Runtime Data...
         Starting Create Volatile Files and Directories...
         Starting udev Kernel Device Manager...
[[0;32m  OK  [0m] Started Tell Plymouth To Write Out Runtime Data.
[[0;32m  OK  [0m] Started Create Volatile Files and Directories.
         Starting Update UTMP about System Boot/Shutdown...
[[0;32m  OK  [0m] Started Update UTMP about System Boot/Shutdown.
[[0;32m  OK  [0m] Started udev Kernel Device Manager.
[[0;32m  OK  [0m] Started Dispatch Password Requests to Console Directory Watch.
[[0;32m  OK  [0m] Started Set console font and keymap.
[[0;32m  OK  [0m] Created slice system-getty.slice.
[[0;32m  OK  [0m] Found device /dev/ttyS0.
[[0;32m  OK  [0m] Listening on Load/Save RF Kill Switch Status /dev/rfkill Watch.
[[0;32m  OK  [0m] Found device 82540EM Gigabit Ethern...r (PRO/1000 MT Desktop Adapter).
[[0;32m  OK  [0m] Found device 82540EM Gigabit Ethern...r (PRO/1000 MT Desktop Adapter).
[[0;32m  OK  [0m] Started LSB: AppArmor initialization.
[   17.330051] cloud-init[483]: Cloud-init v. 18.4-0ubuntu1~16.04.2 running 'init-local' at Sun, 06 Jan 2019 14:14:47 +0000. Up 16.50 seconds.
[[0;32m  OK  [0m] Started Initial cloud-init job (pre-networking).
[[0;32m  OK  [0m] Reached target Network (Pre).
[[0;32m  OK  [0m] Started ifup for enp0s8.
         Starting Raise network interfaces...
[[0;32m  OK  [0m] Started ifup for enp0s3.
[[0;32m  OK  [0m] Started Raise network interfaces.
         Starting Initial cloud-init job (metadata service crawler)...
[[0;32m  OK  [0m] Reached target Network.
[   19.287707] cloud-init[1078]: Cloud-init v. 18.4-0ubuntu1~16.04.2 running 'init' at Sun, 06 Jan 2019 14:14:49 +0000. Up 18.42 seconds.
[   19.291776] cloud-init[1078]: ci-info: ++++++++++++++++++++++++++++++++++++++Net device info+++++++++++++++++++++++++++++++++++++++
[   19.326487] cloud-init[1078]: ci-info: +--------+------+-----------------------------+---------------+--------+-------------------+
[   19.344757] cloud-init[1078]: ci-info: | Device |  Up  |           Address           |      Mask     | Scope  |     Hw-Address    |
[   19.348548] cloud-init[1078]: ci-info: +--------+------+-----------------------------+---------------+--------+-------------------+
[   19.377680] cloud-init[1078]: ci-info: | enp0s3 | True |          10.0.2.15          | 255.255.255.0 | global | 02:64:11:94:8e:9f |
[[0;32m  OK  [0m[   19.416382] cloud-init[1078]: ci-info: | enp0s3 | True |  fe80::64:11ff:fe94:8e9f/64 |       .       |  link  | 02:64:11:94:8e:9f |
[   19.418438] cloud-init[1078]: ci-info: | enp0s8 | True |        192.168.83.137       | 255.255.255.0 | global | 08:00:27:81:2f:a1 |
[   19.418560] cloud-init[1078]: ci-info: | enp0s8 | True | fe80::a00:27ff:fe81:2fa1/64 |       .       |  link  | 08:00:27:81:2f:a1 |
[   19.418652] cloud-init[1078]: ci-info: |   lo   | True |          127.0.0.1          |   255.0.0.0   |  host  |         .         |
[   19.418752] cloud-init[1078]: ci-info: |   lo   | True |           ::1/128           |       .       |  host  |         .         |
[   19.418948] cloud-init[1078]: ci-info: +--------+------+-----------------------------+---------------+--------+-------------------+
[   19.419052] cloud-init[1078]: ci-info: ++++++++++++++++++++++++++++Route IPv4 info++++++++++++++++++++++++++++
[   19.419136] cloud-init[1078]: ci-info: +-------+--------------+----------+---------------+-----------+-------+
[   19.419219] cloud-init[1078]: ci-info: | Route | Destination  | Gateway  |    Genmask    | Interface | Flags |
[   19.419302] cloud-init[1078]: ci-info: +-------+--------------+----------+---------------+-----------+-------+
[   19.419384] cloud-init[1078]: ci-info: |   0   |   0.0.0.0    | 10.0.2.2 |    0.0.0.0    |   enp0s3  |   UG  |
[   19.419538] cloud-init[1078]: ci-info: |   1   |   10.0.2.0   | 0.0.0.0  | 255.255.255.0 |   enp0s3  |   U   |
[   19.419625] cloud-init[1078]: ci-info: |   2   | 192.168.83.0 | 0.0.0.0  | 255.255.255.0 |   enp0s8  |   U   |
[   19.419805] cloud-init[1078]: ci-info: +-------+--------------+----------+---------------+-----------+-------+
[   19.419911] cloud-init[1078]: ci-info: +++++++++++++++++++Route IPv6 info+++++++++++++++++++
[   19.420010] cloud-init[1078]: ci-info: +-------+-------------+---------+-----------+-------+
[   19.420109] cloud-init[1078]: ci-info: | Route | Destination | Gateway | Interface | Flags |
[   19.420193] cloud-init[1078]: ci-info: +-------+-------------+---------+-----------+-------+
[   19.420275] cloud-init[1078]: ci-info: |   0   |  fe80::/64  |    ::   |   enp0s8  |   U   |
] Started Initial cloud-init job (metadata service crawler).
[   19.420479] cloud-init[1078]: ci-info: |   1   |  fe80::/64  |    ::   |   enp0s3  |   U   |
[   19.620252] cloud-init[1078]: ci-info: |   4   |   ff00::/8  |    ::   |   enp0s8  |   U   |
[   19.625318] cloud-init[1078]: ci-info: |   5   |   ff00::/8  |    ::   |   enp0s3  |   U   |
[[0;32m  OK  [0m] Reached target Cloud-config availability.
[[0;32m  OK  [0m] Reached target Network is Online.
         Starting iSCSI initiator daemon (iscsid)...
[   19.628925] cloud-init[1078]: ci-info: +-------+-------------+---------+-----------+-------+
[[0;32m  OK  [0m] Reached target System Initialization.
         Starting Socket activation for snappy daemon.
[[0;32m  OK  [0m] Listening on UUID daemon activation socket.
[[0;32m  OK  [0m] Listening on ACPID Listen Socket.
         Starting LXD - unix socket.
[[0;32m  OK  [0m] Started Daily apt download activities.
[[0;32m  OK  [0m] Started Daily apt upgrade and clean activities.
[[0;32m  OK  [0m] Listening on D-Bus System Message Bus Socket.
[[0;32m  OK  [0m] Started Daily Cleanup of Temporary Directories.
[[0;32m  OK  [0m] Reached target Timers.
[[0;32m  OK  [0m] Started ACPI Events Check.
[[0;32m  OK  [0m] Reached target Paths.
[[0;32m  OK  [0m] Listening on Socket activation for snappy daemon.
[[0;32m  OK  [0m] Listening on LXD - unix socket.
[[0;32m  OK  [0m] Started iSCSI initiator daemon (iscsid).
         Starting Login to default iSCSI targets...
[[0;32m  OK  [0m] Reached target Sockets.
[[0;32m  OK  [0m] Reached target Basic System.
[[0;32m  OK  [0m] Started Unattended Upgrades Shutdown.
         Starting OpenBSD Secure Shell server...
         Starting Virtualbox guest utils...
[[0;32m  OK  [0m] Started Deferred execution scheduler.
         Starting Accounts Service...
         Starting LSB: MD monitoring daemon...
         Starting LXD - container startup/shutdown...
         Starting Login Service...
[[0;32m  OK  [0m] Started Regular background program processing daemon.
[[0;32m  OK  [0m] Started FUSE filesystem for LXC.
         Starting System Logging Service...
[[0;32m  OK  [0m] Started D-Bus System Message Bus.
         Starting /etc/rc.local Compatibility...
         Starting LSB: Record successful boot for GRUB...
[[0;32m  OK  [0m] Started ACPI event daemon.
         Starting Snappy daemon...
[[0;32m  OK  [0m] Started System Logging Service.
[[0;32m  OK  [0m] Started /etc/rc.local Compatibility.
[[0;32m  OK  [0m] Started OpenBSD Secure Shell server.
[[0;32m  OK  [0m] Started Login Service.
         Starting Authenticate and Authorize Users to Run Privileged Tasks...
[[0;32m  OK  [0m] Started Login to default iSCSI targets.
[[0;32m  OK  [0m] Started LSB: MD monitoring daemon.
[[0;32m  OK  [0m] Started LSB: Record successful boot for GRUB.
[[0;32m  OK  [0m] Reached target Remote File Systems (Pre).
[[0;32m  OK  [0m] Reached target Remote File Systems.
         Starting LSB: Start and stop the mysql database server daemon...
         Starting LSB: daemon to balance interrupts for SMP systems...
         Starting LSB: automatic crash report generation...
         Starting LSB: Apache2 web server...
         Starting LSB: Set the CPU Frequency Scaling governor to "ondemand"...
         Starting Permit User Sessions...
[[0;32m  OK  [0m] Started Permit User Sessions.
[[0;32m  OK  [0m] Started LSB: Set the CPU Frequency Scaling governor to "ondemand".
         Starting Terminate Plymouth Boot Screen...
         Starting Hold until boot process finishes up...
[[0;32m  OK  [0m] Started Terminate Plymouth Boot Screen.
[[0;32m  OK  [0m] Started Hold until boot process finishes up.
[[0;32m  OK  [0m] Started Serial Getty on ttyS0.
         Starting Set console scheme...
[[0;32m  OK  [0m] Started Getty on tty1.
[[0;32m  OK  [0m] Reached target Login Prompts.
[[0;32m  OK  [0m] Started LSB: daemon to balance interrupts for SMP systems.
[[0;32m  OK  [0m] Started Authenticate and Authorize Users to Run Privileged Tasks.
[[0;32m  OK  [0m] Started Set console scheme.
[[0;32m  OK  [0m] Started Accounts Service.
[[0;32m  OK  [0m] Started LSB: automatic crash report generation.
[[0;32m  OK  [0m] Started Virtualbox guest utils.
[[0;32m  OK  [0m] Started LXD - container startup/shutdown.
[[0;32m  OK  [0m] Started Snappy daemon.
         Starting Wait until snapd is fully seeded...
[[0;32m  OK  [0m] Started Wait until snapd is fully seeded.
         Starting Apply the settings specified in cloud-config...
[[0;32m  OK  [0m] Created slice User Slice of vagrant.
         Starting User Manager for UID 1000...
[[0;32m  OK  [0m] Started Session 1 of user vagrant.
[   27.247253] cloud-init[1407]: Cloud-init v. 18.4-0ubuntu1~16.04.2 running 'modules:config' at Sun, 06 Jan 2019 14:14:57 +0000. Up 26.75 seconds.
[[0;32m  OK  [0m] Started Apply the settings specified in cloud-config.
[[0;32m  OK  [0m] Started User Manager for UID 1000.

Ubuntu 16.04.5 LTS kouosl ttyS0

kouosl login: [   34.601401] cloud-init[1986]: Cloud-init v. 18.4-0ubuntu1~16.04.2 running 'modules:final' at Sun, 06 Jan 2019 14:15:05 +0000. Up 34.36 seconds.
[   34.602147] cloud-init[1986]: Cloud-init v. 18.4-0ubuntu1~16.04.2 finished at Sun, 06 Jan 2019 14:15:05 +0000. Datasource DataSourceNoCloud [seed=/dev/sdb][dsmode=net].  Up 34.54 seconds
